Start store data
Check file: env.txt
Check file: Softwares
Check file: startDmzSpark.bat
Check file: .DS_Store
Check file: (图灵程序设计丛书) 上野宣 - 图解HTTP-人民邮电出版社 (2014).pdf
Check file: .localized
Check file: wbxmcs-record-32bit
Check file: Weekly_Report_ZixiXu_070920.pdf
Check file: preview-head.html
Check file: ffmpeg-4.1.3
Check file: y2mate.com - big_buck_bunny_animation_1080p_hd_XSGBVzeBUbk_1080p.mp4
Check file: pb.log.tool.html
Check file: wbxmcs-recordStreamFromThin
Check file: redfin_2020-07-13-09-54-26.csv
Start store data
Check file: XU, Zixi I-140 Approval Notice.pdf
Check file: use-css-animation-to-change-the-hover-state-of-a-button.txt
Check file: APEC-manual.pdf
Check file: 剑指OFFER  名企面试官精讲典型编程题  第2版.pdf
Check file: ideaIU-2020.1.2 (1).dmg
Check file: manager-head.html
Check file: cert.html
Check file: Resume_ZixiXu.pdf
Check file: pb.log.template.js
Check file: ~$RM Explanation Memo.doc
Check file: chromedriver
Check file: XU, Zixi I-140 Receipt Notice.pdf
Check file: Postman.app
Check file: Cisco_weekly_report_070220.pdf
Check file: ideaIU-2020.1.2.dmg
Check file: sysdiagnose_Logging_Instructions.pdf
Check file: .idea
Check file: env.txt
Check file: Softwares
Check file: startDmzSpark.bat
Check file: .DS_Store
Check file: (图灵程序设计丛书) 上野宣 - 图解HTTP-人民邮电出版社 (2014).pdf
Check file: .localized
Check file: wbxmcs-record-32bit
Check file: Weekly_Report_ZixiXu_070920.pdf
Check file: preview-head.html
Check file: ffmpeg-4.1.3
Check file: y2mate.com - big_buck_bunny_animation_1080p_hd_XSGBVzeBUbk_1080p.mp4
Check file: pb.log.tool.html
Check file: wbxmcs-recordStreamFromThin
Check file: redfin_2020-07-13-09-54-26.csv
Start store data
Check file: XU, Zixi I-140 Approval Notice.pdf
Check file: use-css-animation-to-change-the-hover-state-of-a-button.txt
Check file: APEC-manual.pdf
Check file: 剑指OFFER  名企面试官精讲典型编程题  第2版.pdf
Check file: ideaIU-2020.1.2 (1).dmg
Check file: manager-head.html
Check file: cert.html
Check file: Resume_ZixiXu.pdf
Check file: pb.log.template.js
Check file: ~$RM Explanation Memo.doc
Check file: chromedriver
Check file: XU, Zixi I-140 Receipt Notice.pdf
Check file: Postman.app
Check file: Cisco_weekly_report_070220.pdf
Check file: ideaIU-2020.1.2.dmg
Check file: sysdiagnose_Logging_Instructions.pdf
Check file: .idea
Check file: env.txt
Check file: Softwares
Check file: startDmzSpark.bat
Check file: .DS_Store
Check file: (图灵程序设计丛书) 上野宣 - 图解HTTP-人民邮电出版社 (2014).pdf
Check file: .localized
Check file: wbxmcs-record-32bit
Check file: Weekly_Report_ZixiXu_070920.pdf
Check file: preview-head.html
Check file: ffmpeg-4.1.3
Check file: y2mate.com - big_buck_bunny_animation_1080p_hd_XSGBVzeBUbk_1080p.mp4
Check file: pb.log.tool.html
Check file: wbxmcs-recordStreamFromThin
Check file: redfin_2020-07-13-09-54-26.csv
Start store data
Check file: XU, Zixi I-140 Approval Notice.pdf
Check file: use-css-animation-to-change-the-hover-state-of-a-button.txt
Check file: APEC-manual.pdf
Check file: 剑指OFFER  名企面试官精讲典型编程题  第2版.pdf
Check file: ideaIU-2020.1.2 (1).dmg
Check file: manager-head.html
Check file: cert.html
Check file: Resume_ZixiXu.pdf
Check file: pb.log.template.js
Check file: ~$RM Explanation Memo.doc
Check file: chromedriver
Check file: XU, Zixi I-140 Receipt Notice.pdf
Check file: Postman.app
Check file: Cisco_weekly_report_070220.pdf
Check file: ideaIU-2020.1.2.dmg
Check file: sysdiagnose_Logging_Instructions.pdf
Check file: .idea
Check file: env.txt
Check file: Softwares
Check file: startDmzSpark.bat
Check file: .DS_Store
Check file: (图灵程序设计丛书) 上野宣 - 图解HTTP-人民邮电出版社 (2014).pdf
Check file: .localized
Check file: wbxmcs-record-32bit
Check file: Weekly_Report_ZixiXu_070920.pdf
Check file: preview-head.html
Check file: ffmpeg-4.1.3
Check file: y2mate.com - big_buck_bunny_animation_1080p_hd_XSGBVzeBUbk_1080p.mp4
Check file: pb.log.tool.html
Check file: wbxmcs-recordStreamFromThin
Check file: redfin_2020-07-13-09-54-26.csv
Start store data
Check file: XU, Zixi I-140 Approval Notice.pdf
Check file: use-css-animation-to-change-the-hover-state-of-a-button.txt
Check file: APEC-manual.pdf
Check file: 剑指OFFER  名企面试官精讲典型编程题  第2版.pdf
Check file: ideaIU-2020.1.2 (1).dmg
Check file: manager-head.html
Check file: cert.html
Check file: Resume_ZixiXu.pdf
Check file: pb.log.template.js
Check file: ~$RM Explanation Memo.doc
Check file: chromedriver
Check file: XU, Zixi I-140 Receipt Notice.pdf
Check file: Postman.app
Check file: Cisco_weekly_report_070220.pdf
Check file: ideaIU-2020.1.2.dmg
Check file: sysdiagnose_Logging_Instructions.pdf
Check file: .idea
Check file: env.txt
Check file: Softwares
Check file: startDmzSpark.bat
Check file: .DS_Store
Check file: (图灵程序设计丛书) 上野宣 - 图解HTTP-人民邮电出版社 (2014).pdf
Check file: .localized
Check file: wbxmcs-record-32bit
Check file: Weekly_Report_ZixiXu_070920.pdf
Check file: preview-head.html
Check file: ffmpeg-4.1.3
Check file: y2mate.com - big_buck_bunny_animation_1080p_hd_XSGBVzeBUbk_1080p.mp4
Check file: pb.log.tool.html
Check file: wbxmcs-recordStreamFromThin
Check file: redfin_2020-07-13-09-54-26.csv
Start store data
Check file: XU, Zixi I-140 Approval Notice.pdf
Check file: use-css-animation-to-change-the-hover-state-of-a-button.txt
Check file: APEC-manual.pdf
Check file: 剑指OFFER  名企面试官精讲典型编程题  第2版.pdf
Check file: ideaIU-2020.1.2 (1).dmg
Check file: manager-head.html
Check file: cert.html
Check file: Resume_ZixiXu.pdf
Check file: pb.log.template.js
Check file: ~$RM Explanation Memo.doc
Check file: chromedriver
Check file: XU, Zixi I-140 Receipt Notice.pdf
Check file: Postman.app
Check file: Cisco_weekly_report_070220.pdf
Check file: ideaIU-2020.1.2.dmg
Check file: sysdiagnose_Logging_Instructions.pdf
Check file: .idea
Check file: env.txt
Check file: Softwares
Check file: startDmzSpark.bat
Check file: .DS_Store
Check file: (图灵程序设计丛书) 上野宣 - 图解HTTP-人民邮电出版社 (2014).pdf
Check file: .localized
Check file: wbxmcs-record-32bit
Check file: Weekly_Report_ZixiXu_070920.pdf
Check file: preview-head.html
Check file: ffmpeg-4.1.3
Check file: y2mate.com - big_buck_bunny_animation_1080p_hd_XSGBVzeBUbk_1080p.mp4
Check file: pb.log.tool.html
Check file: wbxmcs-recordStreamFromThin
Check file: redfin_2020-07-13-09-54-26.csv
Start store data
Check file: XU, Zixi I-140 Approval Notice.pdf
Check file: use-css-animation-to-change-the-hover-state-of-a-button.txt
Check file: APEC-manual.pdf
Check file: 剑指OFFER  名企面试官精讲典型编程题  第2版.pdf
Check file: ideaIU-2020.1.2 (1).dmg
Check file: manager-head.html
Check file: cert.html
Check file: Resume_ZixiXu.pdf
Check file: pb.log.template.js
Check file: ~$RM Explanation Memo.doc
Check file: chromedriver
Check file: XU, Zixi I-140 Receipt Notice.pdf
Check file: Postman.app
Check file: Cisco_weekly_report_070220.pdf
Check file: ideaIU-2020.1.2.dmg
Check file: sysdiagnose_Logging_Instructions.pdf
Check file: .idea
Check file: env.txt
Check file: Softwares
Check file: startDmzSpark.bat
Check file: .DS_Store
Check file: (图灵程序设计丛书) 上野宣 - 图解HTTP-人民邮电出版社 (2014).pdf
Check file: .localized
Check file: wbxmcs-record-32bit
Check file: Weekly_Report_ZixiXu_070920.pdf
Check file: preview-head.html
Check file: ffmpeg-4.1.3
Check file: y2mate.com - big_buck_bunny_animation_1080p_hd_XSGBVzeBUbk_1080p.mp4
Check file: pb.log.tool.html
Check file: wbxmcs-recordStreamFromThin
Check file: redfin_2020-07-13-09-54-26.csv
Start store data
Check file: XU, Zixi I-140 Approval Notice.pdf
Check file: use-css-animation-to-change-the-hover-state-of-a-button.txt
Check file: APEC-manual.pdf
Check file: 剑指OFFER  名企面试官精讲典型编程题  第2版.pdf
Check file: ideaIU-2020.1.2 (1).dmg
Check file: manager-head.html
Check file: cert.html
Check file: Resume_ZixiXu.pdf
Check file: pb.log.template.js
Check file: ~$RM Explanation Memo.doc
Check file: chromedriver
Check file: XU, Zixi I-140 Receipt Notice.pdf
Check file: Postman.app
Check file: Cisco_weekly_report_070220.pdf
Check file: ideaIU-2020.1.2.dmg
Check file: sysdiagnose_Logging_Instructions.pdf
Check file: .idea
Check file: env.txt
Check file: Softwares
Check file: startDmzSpark.bat
Check file: .DS_Store
Check file: (图灵程序设计丛书) 上野宣 - 图解HTTP-人民邮电出版社 (2014).pdf
Check file: .localized
Check file: wbxmcs-record-32bit
Check file: Weekly_Report_ZixiXu_070920.pdf
Check file: preview-head.html
Check file: ffmpeg-4.1.3
Check file: y2mate.com - big_buck_bunny_animation_1080p_hd_XSGBVzeBUbk_1080p.mp4
Check file: pb.log.tool.html
Check file: wbxmcs-recordStreamFromThin
Check file: redfin_2020-07-13-09-54-26.csv
Start store data
Check file: XU, Zixi I-140 Approval Notice.pdf
Check file: use-css-animation-to-change-the-hover-state-of-a-button.txt
Check file: APEC-manual.pdf
Check file: 剑指OFFER  名企面试官精讲典型编程题  第2版.pdf
Check file: ideaIU-2020.1.2 (1).dmg
Check file: manager-head.html
Check file: cert.html
Check file: Resume_ZixiXu.pdf
Check file: pb.log.template.js
Check file: ~$RM Explanation Memo.doc
Check file: chromedriver
Check file: XU, Zixi I-140 Receipt Notice.pdf
Check file: Postman.app
Check file: Cisco_weekly_report_070220.pdf
Check file: ideaIU-2020.1.2.dmg
Check file: sysdiagnose_Logging_Instructions.pdf
Check file: .idea
Check file: env.txt
Check file: Softwares
Check file: startDmzSpark.bat
Check file: .DS_Store
Check file: (图灵程序设计丛书) 上野宣 - 图解HTTP-人民邮电出版社 (2014).pdf
Check file: .localized
Check file: wbxmcs-record-32bit
Check file: Weekly_Report_ZixiXu_070920.pdf
Check file: preview-head.html
Check file: ffmpeg-4.1.3
Check file: y2mate.com - big_buck_bunny_animation_1080p_hd_XSGBVzeBUbk_1080p.mp4
Check file: pb.log.tool.html
Check file: wbxmcs-recordStreamFromThin
Check file: redfin_2020-07-13-09-54-26.csv
Start store data
Check file: XU, Zixi I-140 Approval Notice.pdf
Check file: use-css-animation-to-change-the-hover-state-of-a-button.txt
Check file: APEC-manual.pdf
Check file: 剑指OFFER  名企面试官精讲典型编程题  第2版.pdf
Check file: ideaIU-2020.1.2 (1).dmg
Check file: manager-head.html
Check file: cert.html
Check file: Resume_ZixiXu.pdf
Check file: pb.log.template.js
Check file: ~$RM Explanation Memo.doc
Check file: chromedriver
Check file: XU, Zixi I-140 Receipt Notice.pdf
Check file: Postman.app
Check file: Cisco_weekly_report_070220.pdf
Check file: ideaIU-2020.1.2.dmg
Check file: sysdiagnose_Logging_Instructions.pdf
Check file: .idea
Check file: env.txt
Check file: Softwares
Check file: startDmzSpark.bat
Check file: .DS_Store
Check file: (图灵程序设计丛书) 上野宣 - 图解HTTP-人民邮电出版社 (2014).pdf
Check file: .localized
Check file: wbxmcs-record-32bit
Check file: Weekly_Report_ZixiXu_070920.pdf
Check file: preview-head.html
Check file: ffmpeg-4.1.3
Check file: y2mate.com - big_buck_bunny_animation_1080p_hd_XSGBVzeBUbk_1080p.mp4
Check file: pb.log.tool.html
Check file: wbxmcs-recordStreamFromThin
Check file: redfin_2020-07-13-09-54-26.csv
Start store data
Check file: XU, Zixi I-140 Approval Notice.pdf
Check file: use-css-animation-to-change-the-hover-state-of-a-button.txt
Check file: APEC-manual.pdf
Check file: 剑指OFFER  名企面试官精讲典型编程题  第2版.pdf
Check file: ideaIU-2020.1.2 (1).dmg
Check file: manager-head.html
Check file: cert.html
Check file: Resume_ZixiXu.pdf
Check file: pb.log.template.js
Check file: ~$RM Explanation Memo.doc
Check file: chromedriver
Check file: XU, Zixi I-140 Receipt Notice.pdf
Check file: Postman.app
Check file: Cisco_weekly_report_070220.pdf
Check file: ideaIU-2020.1.2.dmg
Check file: sysdiagnose_Logging_Instructions.pdf
Check file: .idea
Check file: env.txt
Check file: Softwares
Check file: startDmzSpark.bat
Check file: .DS_Store
Check file: (图灵程序设计丛书) 上野宣 - 图解HTTP-人民邮电出版社 (2014).pdf
Check file: .localized
Check file: wbxmcs-record-32bit
Check file: Weekly_Report_ZixiXu_070920.pdf
Check file: preview-head.html
Check file: ffmpeg-4.1.3
Check file: y2mate.com - big_buck_bunny_animation_1080p_hd_XSGBVzeBUbk_1080p.mp4
Check file: pb.log.tool.html
Check file: wbxmcs-recordStreamFromThin
Check file: redfin_2020-07-13-09-54-26.csv
Start store data
Check file: XU, Zixi I-140 Approval Notice.pdf
Check file: use-css-animation-to-change-the-hover-state-of-a-button.txt
Check file: APEC-manual.pdf
Check file: 剑指OFFER  名企面试官精讲典型编程题  第2版.pdf
Check file: ideaIU-2020.1.2 (1).dmg
Check file: manager-head.html
Check file: cert.html
Check file: Resume_ZixiXu.pdf
Check file: pb.log.template.js
Check file: ~$RM Explanation Memo.doc
Check file: chromedriver
Check file: XU, Zixi I-140 Receipt Notice.pdf
Check file: Postman.app
Check file: Cisco_weekly_report_070220.pdf
Check file: ideaIU-2020.1.2.dmg
Check file: sysdiagnose_Logging_Instructions.pdf
Check file: .idea
Check file: env.txt
Check file: Softwares
Check file: startDmzSpark.bat
Check file: .DS_Store
Check file: (图灵程序设计丛书) 上野宣 - 图解HTTP-人民邮电出版社 (2014).pdf
Check file: .localized
Check file: wbxmcs-record-32bit
Check file: Weekly_Report_ZixiXu_070920.pdf
Check file: preview-head.html
Check file: ffmpeg-4.1.3
Check file: y2mate.com - big_buck_bunny_animation_1080p_hd_XSGBVzeBUbk_1080p.mp4
Check file: pb.log.tool.html
Check file: wbxmcs-recordStreamFromThin
Check file: redfin_2020-07-13-09-54-26.csv
Start store data
Check file: XU, Zixi I-140 Approval Notice.pdf
Check file: use-css-animation-to-change-the-hover-state-of-a-button.txt
Check file: APEC-manual.pdf
Check file: 剑指OFFER  名企面试官精讲典型编程题  第2版.pdf
Check file: ideaIU-2020.1.2 (1).dmg
Check file: manager-head.html
Check file: cert.html
Check file: Resume_ZixiXu.pdf
Check file: pb.log.template.js
Check file: ~$RM Explanation Memo.doc
Check file: chromedriver
Check file: XU, Zixi I-140 Receipt Notice.pdf
Check file: Postman.app
Check file: Cisco_weekly_report_070220.pdf
Check file: ideaIU-2020.1.2.dmg
Check file: sysdiagnose_Logging_Instructions.pdf
Check file: .idea
Check file: env.txt
Check file: Softwares
Check file: startDmzSpark.bat
Check file: .DS_Store
Check file: (图灵程序设计丛书) 上野宣 - 图解HTTP-人民邮电出版社 (2014).pdf
Check file: .localized
Check file: wbxmcs-record-32bit
Check file: Weekly_Report_ZixiXu_070920.pdf
Check file: preview-head.html
Check file: ffmpeg-4.1.3
Check file: y2mate.com - big_buck_bunny_animation_1080p_hd_XSGBVzeBUbk_1080p.mp4
Check file: pb.log.tool.html
Check file: wbxmcs-recordStreamFromThin
Check file: redfin_2020-07-13-09-54-26.csv
Start store data
Check file: XU, Zixi I-140 Approval Notice.pdf
Check file: use-css-animation-to-change-the-hover-state-of-a-button.txt
Check file: APEC-manual.pdf
Check file: 剑指OFFER  名企面试官精讲典型编程题  第2版.pdf
Check file: ideaIU-2020.1.2 (1).dmg
Check file: manager-head.html
Check file: cert.html
Check file: Resume_ZixiXu.pdf
Check file: pb.log.template.js
Check file: ~$RM Explanation Memo.doc
Check file: chromedriver
Check file: XU, Zixi I-140 Receipt Notice.pdf
Check file: Postman.app
Check file: Cisco_weekly_report_070220.pdf
Check file: ideaIU-2020.1.2.dmg
Check file: sysdiagnose_Logging_Instructions.pdf
Check file: .idea
Check file: env.txt
Check file: Softwares
Check file: redfin_2020-07-13-16-00-11.csv
Start store data
Check file: startDmzSpark.bat
Check file: .DS_Store
Check file: (图灵程序设计丛书) 上野宣 - 图解HTTP-人民邮电出版社 (2014).pdf
Check file: .localized
Check file: wbxmcs-record-32bit
Check file: Weekly_Report_ZixiXu_070920.pdf
Check file: preview-head.html
Check file: ffmpeg-4.1.3
Check file: y2mate.com - big_buck_bunny_animation_1080p_hd_XSGBVzeBUbk_1080p.mp4
Check file: pb.log.tool.html
Check file: wbxmcs-recordStreamFromThin
Check file: XU, Zixi I-140 Approval Notice.pdf
Check file: use-css-animation-to-change-the-hover-state-of-a-button.txt
Check file: APEC-manual.pdf
Check file: 剑指OFFER  名企面试官精讲典型编程题  第2版.pdf
Check file: ideaIU-2020.1.2 (1).dmg
Check file: manager-head.html
Check file: cert.html
Check file: Resume_ZixiXu.pdf
Check file: pb.log.template.js
Check file: ~$RM Explanation Memo.doc
Check file: chromedriver
Check file: XU, Zixi I-140 Receipt Notice.pdf
Check file: Postman.app
Check file: Cisco_weekly_report_070220.pdf
Check file: ideaIU-2020.1.2.dmg
Check file: sysdiagnose_Logging_Instructions.pdf
Check file: .idea
